<?xml version="1.0" encoding="UTF-8"?>
<!-- Generated by org.testng.reporters.JUnitReportReporter -->
<testsuite hostname="DESKTOP-FMEUHSE" failures="0" tests="3" name="com.api.auto.testcase.TC_API_CreateWork" time="1.122" errors="0" timestamp="2023-12-11T20:12:22 ICT" skipped="0">
  <testcase classname="com.api.auto.testcase.TC_API_CreateWork" name="TC1_StatusCodeTest" time="0.019"/>
  <system-out/>
  <testcase classname="com.api.auto.testcase.TC_API_CreateWork" name="TC2_jobIdCheck" time="0.004"/>
  <system-out/>
  <testcase classname="com.api.auto.testcase.TC_API_CreateWork" name="TC3_inforCheck" time="1.099"/>
  <system-out/>
</testsuite> <!-- com.api.auto.testcase.TC_API_CreateWork -->
