<?xml version="1.0" encoding="UTF-8"?>
<!-- Generated by org.testng.reporters.JUnitReportReporter -->
<testsuite hostname="DESKTOP-FMEUHSE" failures="0" tests="4" name="com.api.auto.testcase.TC_API_Login" time="0.675" errors="0" timestamp="2023-12-15T15:09:01 ICT" skipped="0">
  <testcase classname="com.api.auto.testcase.TC_API_Login" name="TC01_StatusCodeTest" time="0.107"/>
  <system-out/>
  <testcase classname="com.api.auto.testcase.TC_API_Login" name="TC02_messageCheck" time="0.499"/>
  <system-out/>
  <testcase classname="com.api.auto.testcase.TC_API_Login" name="TC4_inforCheck" time="0.036"/>
  <system-out/>
  <testcase classname="com.api.auto.testcase.TC_API_Login" name="TC3_tokenCheck" time="0.033"/>
  <system-out/>
</testsuite> <!-- com.api.auto.testcase.TC_API_Login -->
